<?xml version="1.0" encoding="UTF-8"?>
<!-- Generated by org.testng.reporters.JUnitReportReporter -->
<testsuite skipped="0" hostname="LAPTOP-U205H7LJ" name="steps.ChallengeChesseCakeTest" tests="2" failures="0" timestamp="02 fev 2020 01:32:50 GMT" time="32.224" errors="0">
  <testcase name="loginSite" time="14.519" classname="steps.ChallengeChesseCakeTest"/>
  <testcase name="categorySite" time="17.705" classname="steps.ChallengeChesseCakeTest"/>
</testsuite> <!-- steps.ChallengeChesseCakeTest -->
