<?xml version="1.0" encoding="UTF-8"?>
<!-- Generated by org.testng.reporters.JUnitReportReporter -->
<testsuite skipped="0" hostname="LAPTOP-U205H7LJ" name="steps.ChallengeChesseCakeTest" tests="2" failures="0" timestamp="04 fev 2020 22:56:25 GMT" time="35.822" errors="0">
  <testcase name="loginSite" time="22.114" classname="steps.ChallengeChesseCakeTest"/>
  <testcase name="categorySite" time="13.708" classname="steps.ChallengeChesseCakeTest"/>
</testsuite> <!-- steps.ChallengeChesseCakeTest -->
