<?xml version="1.0" encoding="UTF-8"?>
<!-- Generated by org.testng.reporters.JUnitReportReporter -->
<testsuite skipped="0" hostname="LAPTOP-U205H7LJ" name="steps.ChallengeChesseCakeTest" tests="2" failures="0" timestamp="02 fev 2020 00:57:15 GMT" time="28.879" errors="0">
  <testcase name="loginSite" time="13.477" classname="steps.ChallengeChesseCakeTest"/>
  <testcase name="categorySite" time="15.402" classname="steps.ChallengeChesseCakeTest"/>
</testsuite> <!-- steps.ChallengeChesseCakeTest -->
